<?xml version="1.0" encoding="utf-8"?><testsuites name="pytest tests"><testsuite name="pytest" errors="0" failures="0" skipped="1" tests="49" time="0.946" timestamp="2026-08-26T17:43:01.356855+00:00" hostname="8ec70b2963b9"><testcase classname="tests.test_cash_position" name="test_cash_position_has_required_labels_and_real_values" time="0.044" /><testcase classname="tests.test_cash_position" name="test_cash_position_returns_largest_pending_receivables" time="0.020" /><testcase classname="tests.test_cash_position" name="test_cash_position_is_not_settled_bank_balance" time="0.019" /><testcase classname="tests.test_classify_exceptions" name="test_amount_mismatch" time="0.001" /><testcase classname="tests.test_classify_exceptions" name="test_missing_payment" time="0.001" /><testcase classname="tests.test_classify_exceptions" name="test_duplicate_payment" time="0.001" /><testcase classname="tests.test_classify_exceptions" name="test_customer_ambiguity" time="0.000" /><testcase classname="tests.test_classify_exceptions" name="test_date_mismatch" time="0.000" /><testcase classname="tests.test_classify_exceptions" name="test_missing_reference" time="0.000" /><testcase classname="tests.test_classify_exceptions" name="test_unmatched_transaction" time="0.000" /><testcase classname="tests.test_classify_exceptions" name="test_partial_payment" time="0.001" /><testcase classname="tests.test_classify_exceptions" name="test_other" time="0.000" /><testcase classname="tests.test_classify_exceptions" name="test_reason_amount_mismatch" time="0.000" /><testcase classname="tests.test_demo_assistant" name="test_demo_mode_does_not_require_api_key" time="0.001" /><testcase classname="tests.test_demo_assistant" name="test_demo_invoice_lookup" time="0.009" /><testcase classname="tests.test_demo_assistant" name="test_demo_top_exceptions" time="0.003" /><testcase classname="tests.test_end_to_end" name="test_end_to_end_core_workflow" time="0.059" /><testcase classname="tests.test_end_to_end" name="test_exact_and_fuzzy_matches" time="0.055" /><testcase classname="tests.test_end_to_end" name="test_amount_mismatch_and_partial_payment" time="0.054" /><testcase classname="tests.test_end_to_end" name="test_missing_duplicate_unmatched_and_missing_reference" time="0.056" /><testcase classname="tests.test_end_to_end" name="test_multiple_invoices_same_customer_and_multiple_payments" time="0.056" /><testcase classname="tests.test_end_to_end" name="test_human_approval_preserves_original_and_logs" time="0.062" /><testcase classname="tests.test_end_to_end" name="test_human_rejection_is_logged" time="0.061" /><testcase classname="tests.test_end_to_end" name="test_ai_existing_and_nonexistent_invoice_use_backend_data" time="0.064" /><testcase classname="tests.test_end_to_end" name="test_cash_position_uses_actual_data" time="0.072" /><testcase classname="tests.test_end_to_end" name="test_dashboard_data_products_are_loadable" time="0.070" /><testcase classname="tests.test_end_to_end" name="test_invalid_empty_and_duplicate_inputs_are_rejected" time="0.007" /><testcase classname="tests.test_evaluate_reconciliation" name="test_metric_calculations_known_dataset" time="0.003" /><testcase classname="tests.test_evaluate_reconciliation" name="test_multiple_ground_truth_payments_accepts_any_valid_payment" time="0.003" /><testcase classname="tests.test_finance_tools" name="test_reconciliation_summary_uses_stored_metrics" time="0.000" /><testcase classname="tests.test_finance_tools" name="test_invoice_details_returns_real_source_records" time="0.008" /><testcase classname="tests.test_finance_tools" name="test_payment_details_returns_associated_records" time="0.009" /><testcase classname="tests.test_finance_tools" name="test_exception_filters_are_deterministic" time="0.003" /><testcase classname="tests.test_finance_tools" name="test_top_exceptions_is_value_sorted" time="0.003" /><testcase classname="tests.test_finance_tools" name="test_exception_summary_has_expected_categories" time="0.005" /><testcase classname="tests.test_finance_tools" name="test_search_transactions_finds_invoice_and_payment_ids" time="0.020" /><testcase classname="tests.test_finance_tools" name="test_cash_position_uses_settled_amounts" time="0.022" /><testcase classname="tests.test_human_review" name="test_approve_match_logs_and_preserves_reconciliation" time="0.010" /><testcase classname="tests.test_human_review" name="test_reject_match_logs_and_preserves_reconciliation" time="0.008" /><testcase classname="tests.test_human_review" name="test_only_review_can_be_decided" time="0.004" /><testcase classname="tests.test_human_review" name="test_reason_is_required" time="0.002" /><testcase classname="tests.test_human_review" name="test_cannot_decide_same_case_twice" time="0.007" /><testcase classname="tests.test_reconciler" name="test_exact_match" time="0.007" /><testcase classname="tests.test_reconciler" name="test_fuzzy_customer_match" time="0.007" /><testcase classname="tests.test_reconciler" name="test_amount_mismatch" time="0.007" /><testcase classname="tests.test_reconciler" name="test_missing_payment" time="0.005" /><testcase classname="tests.test_reconciler" name="test_duplicate_payment" time="0.010" /><testcase classname="tests.test_reconciler" name="test_unmatched_payment" time="0.010" /><testcase classname="tests.test_streamlit_smoke" name="test_streamlit_app_starts_without_exception" time="0.000"><skipped type="pytest.skip" message="Streamlit is not installed in this test environment">/mnt/data/rzp14_work/RZP_step10_ai_finance_controller/tests/test_streamlit_smoke.py:11: Streamlit is not installed in this test environment</skipped></testcase></testsuite></testsuites>